e:\大二第二学期课程学习\visualc++\第八周课堂练习\q1\q11\debug\q11.pch
e:\大二第二学期课程学习\visualc++\第八周课堂练习\q1\q11\debug\vc140.pdb
e:\大二第二学期课程学习\visualc++\第八周课堂练习\q1\q11\debug\vc140.idb
e:\大二第二学期课程学习\visualc++\第八周课堂练习\q1\q11\debug\stdafx.obj
e:\大二第二学期课程学习\visualc++\第八周课堂练习\q1\q11\debug\mainfrm.obj
e:\大二第二学期课程学习\visualc++\第八周课堂练习\q1\q11\debug\q11.obj
e:\大二第二学期课程学习\visualc++\第八周课堂练习\q1\q11\debug\q11doc.obj
e:\大二第二学期课程学习\visualc++\第八周课堂练习\q1\q11\debug\q11view.obj
e:\大二第二学期课程学习\visualc++\第八周课堂练习\q1\debug\q11.ilk
e:\大二第二学期课程学习\visualc++\第八周课堂练习\q1\debug\q11.exe
e:\大二第二学期课程学习\visualc++\第八周课堂练习\q1\debug\q11.pdb
e:\大二第二学期课程学习\visualc++\第八周课堂练习\q1\q11\debug\q11.res
e:\大二第二学期课程学习\visualc++\第八周课堂练习\q1\q11\debug\q11.tlog\cl.command.1.tlog
e:\大二第二学期课程学习\visualc++\第八周课堂练习\q1\q11\debug\q11.tlog\cl.read.1.tlog
e:\大二第二学期课程学习\visualc++\第八周课堂练习\q1\q11\debug\q11.tlog\cl.write.1.tlog
e:\大二第二学期课程学习\visualc++\第八周课堂练习\q1\q11\debug\q11.tlog\link.command.1.tlog
e:\大二第二学期课程学习\visualc++\第八周课堂练习\q1\q11\debug\q11.tlog\link.read.1.tlog
e:\大二第二学期课程学习\visualc++\第八周课堂练习\q1\q11\debug\q11.tlog\link.write.1.tlog
e:\大二第二学期课程学习\visualc++\第八周课堂练习\q1\q11\debug\q11.tlog\rc.command.1.tlog
e:\大二第二学期课程学习\visualc++\第八周课堂练习\q1\q11\debug\q11.tlog\rc.read.1.tlog
e:\大二第二学期课程学习\visualc++\第八周课堂练习\q1\q11\debug\q11.tlog\rc.write.1.tlog
