e:\大二第二学期课程学习\visualc++\第五周实验\weitu\weitu2\debug\weitu2.pch
e:\大二第二学期课程学习\visualc++\第五周实验\weitu\weitu2\debug\vc140.pdb
e:\大二第二学期课程学习\visualc++\第五周实验\weitu\weitu2\debug\vc140.idb
e:\大二第二学期课程学习\visualc++\第五周实验\weitu\weitu2\debug\stdafx.obj
e:\大二第二学期课程学习\visualc++\第五周实验\weitu\weitu2\debug\mainfrm.obj
e:\大二第二学期课程学习\visualc++\第五周实验\weitu\weitu2\debug\weitu2.obj
e:\大二第二学期课程学习\visualc++\第五周实验\weitu\weitu2\debug\weitu2doc.obj
e:\大二第二学期课程学习\visualc++\第五周实验\weitu\weitu2\debug\weitu2view.obj
e:\大二第二学期课程学习\visualc++\第五周实验\weitu\debug\weitu2.ilk
e:\大二第二学期课程学习\visualc++\第五周实验\weitu\debug\weitu2.exe
e:\大二第二学期课程学习\visualc++\第五周实验\weitu\debug\weitu2.pdb
e:\大二第二学期课程学习\visualc++\第五周实验\weitu\weitu2\debug\weitu2.res
e:\大二第二学期课程学习\visualc++\第五周实验\weitu\weitu2\debug\weitu2.tlog\cl.command.1.tlog
e:\大二第二学期课程学习\visualc++\第五周实验\weitu\weitu2\debug\weitu2.tlog\cl.read.1.tlog
e:\大二第二学期课程学习\visualc++\第五周实验\weitu\weitu2\debug\weitu2.tlog\cl.write.1.tlog
e:\大二第二学期课程学习\visualc++\第五周实验\weitu\weitu2\debug\weitu2.tlog\link.command.1.tlog
e:\大二第二学期课程学习\visualc++\第五周实验\weitu\weitu2\debug\weitu2.tlog\link.read.1.tlog
e:\大二第二学期课程学习\visualc++\第五周实验\weitu\weitu2\debug\weitu2.tlog\link.write.1.tlog
e:\大二第二学期课程学习\visualc++\第五周实验\weitu\weitu2\debug\weitu2.tlog\rc.command.1.tlog
e:\大二第二学期课程学习\visualc++\第五周实验\weitu\weitu2\debug\weitu2.tlog\rc.read.1.tlog
e:\大二第二学期课程学习\visualc++\第五周实验\weitu\weitu2\debug\weitu2.tlog\rc.write.1.tlog
