e:\大二第二学期课程学习\visualc++\第五周实验\weitu\weitu\debug\weitu.pch
e:\大二第二学期课程学习\visualc++\第五周实验\weitu\weitu\debug\vc140.pdb
e:\大二第二学期课程学习\visualc++\第五周实验\weitu\weitu\debug\vc140.idb
e:\大二第二学期课程学习\visualc++\第五周实验\weitu\weitu\debug\stdafx.obj
e:\大二第二学期课程学习\visualc++\第五周实验\weitu\weitu\debug\mainfrm.obj
e:\大二第二学期课程学习\visualc++\第五周实验\weitu\weitu\debug\weitu.obj
e:\大二第二学期课程学习\visualc++\第五周实验\weitu\weitu\debug\weitudoc.obj
e:\大二第二学期课程学习\visualc++\第五周实验\weitu\weitu\debug\weituview.obj
e:\大二第二学期课程学习\visualc++\第五周实验\weitu\debug\weitu.ilk
e:\大二第二学期课程学习\visualc++\第五周实验\weitu\debug\weitu.exe
e:\大二第二学期课程学习\visualc++\第五周实验\weitu\debug\weitu.pdb
e:\大二第二学期课程学习\visualc++\第五周实验\weitu\weitu\debug\weitu.res
e:\大二第二学期课程学习\visualc++\第五周实验\weitu\weitu\debug\weitu.tlog\cl.command.1.tlog
e:\大二第二学期课程学习\visualc++\第五周实验\weitu\weitu\debug\weitu.tlog\cl.read.1.tlog
e:\大二第二学期课程学习\visualc++\第五周实验\weitu\weitu\debug\weitu.tlog\cl.write.1.tlog
e:\大二第二学期课程学习\visualc++\第五周实验\weitu\weitu\debug\weitu.tlog\link.command.1.tlog
e:\大二第二学期课程学习\visualc++\第五周实验\weitu\weitu\debug\weitu.tlog\link.read.1.tlog
e:\大二第二学期课程学习\visualc++\第五周实验\weitu\weitu\debug\weitu.tlog\link.write.1.tlog
e:\大二第二学期课程学习\visualc++\第五周实验\weitu\weitu\debug\weitu.tlog\rc.command.1.tlog
e:\大二第二学期课程学习\visualc++\第五周实验\weitu\weitu\debug\weitu.tlog\rc.read.1.tlog
e:\大二第二学期课程学习\visualc++\第五周实验\weitu\weitu\debug\weitu.tlog\rc.write.1.tlog
