e:\大二第二学期课程学习\visualc++\05.04第十周\上机实验\w32d1\usingdll\debug\usingdll.pch
e:\大二第二学期课程学习\visualc++\05.04第十周\上机实验\w32d1\usingdll\debug\vc140.pdb
e:\大二第二学期课程学习\visualc++\05.04第十周\上机实验\w32d1\usingdll\debug\vc140.idb
e:\大二第二学期课程学习\visualc++\05.04第十周\上机实验\w32d1\usingdll\debug\stdafx.obj
e:\大二第二学期课程学习\visualc++\05.04第十周\上机实验\w32d1\usingdll\debug\mainfrm.obj
e:\大二第二学期课程学习\visualc++\05.04第十周\上机实验\w32d1\usingdll\debug\usingdll.obj
e:\大二第二学期课程学习\visualc++\05.04第十周\上机实验\w32d1\usingdll\debug\usingdlldoc.obj
e:\大二第二学期课程学习\visualc++\05.04第十周\上机实验\w32d1\usingdll\debug\usingdllview.obj
e:\大二第二学期课程学习\visualc++\05.04第十周\上机实验\w32d1\debug\usingdll.ilk
e:\大二第二学期课程学习\visualc++\05.04第十周\上机实验\w32d1\debug\usingdll.exe
e:\大二第二学期课程学习\visualc++\05.04第十周\上机实验\w32d1\debug\usingdll.pdb
e:\大二第二学期课程学习\visualc++\05.04第十周\上机实验\w32d1\usingdll\debug\usingdll.res
e:\大二第二学期课程学习\visualc++\05.04第十周\上机实验\w32d1\usingdll\debug\usingdll.tlog\cl.command.1.tlog
e:\大二第二学期课程学习\visualc++\05.04第十周\上机实验\w32d1\usingdll\debug\usingdll.tlog\cl.read.1.tlog
e:\大二第二学期课程学习\visualc++\05.04第十周\上机实验\w32d1\usingdll\debug\usingdll.tlog\cl.write.1.tlog
e:\大二第二学期课程学习\visualc++\05.04第十周\上机实验\w32d1\usingdll\debug\usingdll.tlog\link.command.1.tlog
e:\大二第二学期课程学习\visualc++\05.04第十周\上机实验\w32d1\usingdll\debug\usingdll.tlog\link.read.1.tlog
e:\大二第二学期课程学习\visualc++\05.04第十周\上机实验\w32d1\usingdll\debug\usingdll.tlog\link.write.1.tlog
e:\大二第二学期课程学习\visualc++\05.04第十周\上机实验\w32d1\usingdll\debug\usingdll.tlog\rc.command.1.tlog
e:\大二第二学期课程学习\visualc++\05.04第十周\上机实验\w32d1\usingdll\debug\usingdll.tlog\rc.read.1.tlog
e:\大二第二学期课程学习\visualc++\05.04第十周\上机实验\w32d1\usingdll\debug\usingdll.tlog\rc.write.1.tlog
