e:\大二第二学期课程学习\visualc++\05.04第十周\上机实验\lib00\w32d\debug\w32d.pch
e:\大二第二学期课程学习\visualc++\05.04第十周\上机实验\lib00\w32d\debug\vc140.pdb
e:\大二第二学期课程学习\visualc++\05.04第十周\上机实验\lib00\w32d\debug\vc140.idb
e:\大二第二学期课程学习\visualc++\05.04第十周\上机实验\lib00\w32d\debug\stdafx.obj
e:\大二第二学期课程学习\visualc++\05.04第十周\上机实验\lib00\w32d\debug\mainfrm.obj
e:\大二第二学期课程学习\visualc++\05.04第十周\上机实验\lib00\w32d\debug\w32d.obj
e:\大二第二学期课程学习\visualc++\05.04第十周\上机实验\lib00\w32d\debug\w32ddoc.obj
e:\大二第二学期课程学习\visualc++\05.04第十周\上机实验\lib00\w32d\debug\w32dview.obj
e:\大二第二学期课程学习\visualc++\05.04第十周\上机实验\lib00\debug\w32d.ilk
e:\大二第二学期课程学习\visualc++\05.04第十周\上机实验\lib00\debug\w32d.exe
e:\大二第二学期课程学习\visualc++\05.04第十周\上机实验\lib00\debug\w32d.pdb
e:\大二第二学期课程学习\visualc++\05.04第十周\上机实验\lib00\w32d\debug\w32d.res
e:\大二第二学期课程学习\visualc++\05.04第十周\上机实验\lib00\w32d\debug\w32d.tlog\cl.command.1.tlog
e:\大二第二学期课程学习\visualc++\05.04第十周\上机实验\lib00\w32d\debug\w32d.tlog\cl.read.1.tlog
e:\大二第二学期课程学习\visualc++\05.04第十周\上机实验\lib00\w32d\debug\w32d.tlog\cl.write.1.tlog
e:\大二第二学期课程学习\visualc++\05.04第十周\上机实验\lib00\w32d\debug\w32d.tlog\link.command.1.tlog
e:\大二第二学期课程学习\visualc++\05.04第十周\上机实验\lib00\w32d\debug\w32d.tlog\link.read.1.tlog
e:\大二第二学期课程学习\visualc++\05.04第十周\上机实验\lib00\w32d\debug\w32d.tlog\link.write.1.tlog
e:\大二第二学期课程学习\visualc++\05.04第十周\上机实验\lib00\w32d\debug\w32d.tlog\rc.command.1.tlog
e:\大二第二学期课程学习\visualc++\05.04第十周\上机实验\lib00\w32d\debug\w32d.tlog\rc.read.1.tlog
e:\大二第二学期课程学习\visualc++\05.04第十周\上机实验\lib00\w32d\debug\w32d.tlog\rc.write.1.tlog
