e:\大二第二学期课程学习\visualc++\第七周实验\q3\q3\debug\q3.pch
e:\大二第二学期课程学习\visualc++\第七周实验\q3\q3\debug\vc140.pdb
e:\大二第二学期课程学习\visualc++\第七周实验\q3\q3\debug\vc140.idb
e:\大二第二学期课程学习\visualc++\第七周实验\q3\q3\debug\stdafx.obj
e:\大二第二学期课程学习\visualc++\第七周实验\q3\q3\debug\mainfrm.obj
e:\大二第二学期课程学习\visualc++\第七周实验\q3\q3\debug\q3.obj
e:\大二第二学期课程学习\visualc++\第七周实验\q3\q3\debug\q3doc.obj
e:\大二第二学期课程学习\visualc++\第七周实验\q3\q3\debug\q3view.obj
e:\大二第二学期课程学习\visualc++\第七周实验\q3\debug\q3.ilk
e:\大二第二学期课程学习\visualc++\第七周实验\q3\debug\q3.exe
e:\大二第二学期课程学习\visualc++\第七周实验\q3\debug\q3.pdb
e:\大二第二学期课程学习\visualc++\第七周实验\q3\q3\debug\q3.res
e:\大二第二学期课程学习\visualc++\第七周实验\q3\q3\debug\q3.tlog\cl.command.1.tlog
e:\大二第二学期课程学习\visualc++\第七周实验\q3\q3\debug\q3.tlog\cl.read.1.tlog
e:\大二第二学期课程学习\visualc++\第七周实验\q3\q3\debug\q3.tlog\cl.write.1.tlog
e:\大二第二学期课程学习\visualc++\第七周实验\q3\q3\debug\q3.tlog\link.command.1.tlog
e:\大二第二学期课程学习\visualc++\第七周实验\q3\q3\debug\q3.tlog\link.read.1.tlog
e:\大二第二学期课程学习\visualc++\第七周实验\q3\q3\debug\q3.tlog\link.write.1.tlog
e:\大二第二学期课程学习\visualc++\第七周实验\q3\q3\debug\q3.tlog\rc.command.1.tlog
e:\大二第二学期课程学习\visualc++\第七周实验\q3\q3\debug\q3.tlog\rc.read.1.tlog
e:\大二第二学期课程学习\visualc++\第七周实验\q3\q3\debug\q3.tlog\rc.write.1.tlog
