e:\大二第二学期课程学习\visualc++\第七周实验\q1\q1\debug\q1.pch
e:\大二第二学期课程学习\visualc++\第七周实验\q1\q1\debug\vc140.pdb
e:\大二第二学期课程学习\visualc++\第七周实验\q1\q1\debug\vc140.idb
e:\大二第二学期课程学习\visualc++\第七周实验\q1\q1\debug\stdafx.obj
e:\大二第二学期课程学习\visualc++\第七周实验\q1\q1\debug\mainfrm.obj
e:\大二第二学期课程学习\visualc++\第七周实验\q1\q1\debug\q1.obj
e:\大二第二学期课程学习\visualc++\第七周实验\q1\q1\debug\q1doc.obj
e:\大二第二学期课程学习\visualc++\第七周实验\q1\q1\debug\q1view.obj
e:\大二第二学期课程学习\visualc++\第七周实验\q1\debug\q1.ilk
e:\大二第二学期课程学习\visualc++\第七周实验\q1\debug\q1.exe
e:\大二第二学期课程学习\visualc++\第七周实验\q1\debug\q1.pdb
e:\大二第二学期课程学习\visualc++\第七周实验\q1\q1\debug\q1.res
e:\大二第二学期课程学习\visualc++\第七周实验\q1\q1\debug\q1.tlog\cl.command.1.tlog
e:\大二第二学期课程学习\visualc++\第七周实验\q1\q1\debug\q1.tlog\cl.read.1.tlog
e:\大二第二学期课程学习\visualc++\第七周实验\q1\q1\debug\q1.tlog\cl.write.1.tlog
e:\大二第二学期课程学习\visualc++\第七周实验\q1\q1\debug\q1.tlog\link.command.1.tlog
e:\大二第二学期课程学习\visualc++\第七周实验\q1\q1\debug\q1.tlog\link.read.1.tlog
e:\大二第二学期课程学习\visualc++\第七周实验\q1\q1\debug\q1.tlog\link.write.1.tlog
e:\大二第二学期课程学习\visualc++\第七周实验\q1\q1\debug\q1.tlog\rc.command.1.tlog
e:\大二第二学期课程学习\visualc++\第七周实验\q1\q1\debug\q1.tlog\rc.read.1.tlog
e:\大二第二学期课程学习\visualc++\第七周实验\q1\q1\debug\q1.tlog\rc.write.1.tlog
