e:\大二第二学期课程学习\visualc++\第八周实验\ellipse4\ellipse4\debug\ellipse4.pch
e:\大二第二学期课程学习\visualc++\第八周实验\ellipse4\ellipse4\debug\vc140.pdb
e:\大二第二学期课程学习\visualc++\第八周实验\ellipse4\ellipse4\debug\vc140.idb
e:\大二第二学期课程学习\visualc++\第八周实验\ellipse4\ellipse4\debug\stdafx.obj
e:\大二第二学期课程学习\visualc++\第八周实验\ellipse4\ellipse4\debug\ellipse4.obj
e:\大二第二学期课程学习\visualc++\第八周实验\ellipse4\ellipse4\debug\ellipse4doc.obj
e:\大二第二学期课程学习\visualc++\第八周实验\ellipse4\ellipse4\debug\mainfrm.obj
e:\大二第二学期课程学习\visualc++\第八周实验\ellipse4\ellipse4\debug\mydlg0.obj
e:\大二第二学期课程学习\visualc++\第八周实验\ellipse4\ellipse4\debug\ellipse4view.obj
e:\大二第二学期课程学习\visualc++\第八周实验\ellipse4\debug\ellipse4.ilk
e:\大二第二学期课程学习\visualc++\第八周实验\ellipse4\debug\ellipse4.exe
e:\大二第二学期课程学习\visualc++\第八周实验\ellipse4\debug\ellipse4.pdb
e:\大二第二学期课程学习\visualc++\第八周实验\ellipse4\ellipse4\debug\ellipse4.res
e:\大二第二学期课程学习\visualc++\第八周实验\ellipse4\ellipse4\debug\ellipse4.tlog\cl.command.1.tlog
e:\大二第二学期课程学习\visualc++\第八周实验\ellipse4\ellipse4\debug\ellipse4.tlog\cl.read.1.tlog
e:\大二第二学期课程学习\visualc++\第八周实验\ellipse4\ellipse4\debug\ellipse4.tlog\cl.write.1.tlog
e:\大二第二学期课程学习\visualc++\第八周实验\ellipse4\ellipse4\debug\ellipse4.tlog\link.command.1.tlog
e:\大二第二学期课程学习\visualc++\第八周实验\ellipse4\ellipse4\debug\ellipse4.tlog\link.read.1.tlog
e:\大二第二学期课程学习\visualc++\第八周实验\ellipse4\ellipse4\debug\ellipse4.tlog\link.write.1.tlog
e:\大二第二学期课程学习\visualc++\第八周实验\ellipse4\ellipse4\debug\ellipse4.tlog\rc.command.1.tlog
e:\大二第二学期课程学习\visualc++\第八周实验\ellipse4\ellipse4\debug\ellipse4.tlog\rc.read.1.tlog
e:\大二第二学期课程学习\visualc++\第八周实验\ellipse4\ellipse4\debug\ellipse4.tlog\rc.write.1.tlog
