e:\大二第二学期课程学习\visualc++\第六周实验\bianjiqi\bianjiqi\debug\bianjiqi.pch
e:\大二第二学期课程学习\visualc++\第六周实验\bianjiqi\bianjiqi\debug\vc140.pdb
e:\大二第二学期课程学习\visualc++\第六周实验\bianjiqi\bianjiqi\debug\vc140.idb
e:\大二第二学期课程学习\visualc++\第六周实验\bianjiqi\bianjiqi\debug\stdafx.obj
e:\大二第二学期课程学习\visualc++\第六周实验\bianjiqi\bianjiqi\debug\bianjiqi.obj
e:\大二第二学期课程学习\visualc++\第六周实验\bianjiqi\bianjiqi\debug\bianjiqidoc.obj
e:\大二第二学期课程学习\visualc++\第六周实验\bianjiqi\bianjiqi\debug\bianjiqiview.obj
e:\大二第二学期课程学习\visualc++\第六周实验\bianjiqi\bianjiqi\debug\mainfrm.obj
e:\大二第二学期课程学习\visualc++\第六周实验\bianjiqi\debug\bianjiqi.ilk
e:\大二第二学期课程学习\visualc++\第六周实验\bianjiqi\debug\bianjiqi.exe
e:\大二第二学期课程学习\visualc++\第六周实验\bianjiqi\debug\bianjiqi.pdb
e:\大二第二学期课程学习\visualc++\第六周实验\bianjiqi\bianjiqi\debug\bianjiqi.res
e:\大二第二学期课程学习\visualc++\第六周实验\bianjiqi\bianjiqi\debug\bianjiqi.tlog\cl.command.1.tlog
e:\大二第二学期课程学习\visualc++\第六周实验\bianjiqi\bianjiqi\debug\bianjiqi.tlog\cl.read.1.tlog
e:\大二第二学期课程学习\visualc++\第六周实验\bianjiqi\bianjiqi\debug\bianjiqi.tlog\cl.write.1.tlog
e:\大二第二学期课程学习\visualc++\第六周实验\bianjiqi\bianjiqi\debug\bianjiqi.tlog\link.command.1.tlog
e:\大二第二学期课程学习\visualc++\第六周实验\bianjiqi\bianjiqi\debug\bianjiqi.tlog\link.read.1.tlog
e:\大二第二学期课程学习\visualc++\第六周实验\bianjiqi\bianjiqi\debug\bianjiqi.tlog\link.write.1.tlog
e:\大二第二学期课程学习\visualc++\第六周实验\bianjiqi\bianjiqi\debug\bianjiqi.tlog\rc.command.1.tlog
e:\大二第二学期课程学习\visualc++\第六周实验\bianjiqi\bianjiqi\debug\bianjiqi.tlog\rc.read.1.tlog
e:\大二第二学期课程学习\visualc++\第六周实验\bianjiqi\bianjiqi\debug\bianjiqi.tlog\rc.write.1.tlog
